2025-03-09 13:59:39 INFO  w.a.a.p.PostcodeImplementation - Request - Postcode1: AB10 1XG, Postcode2: AB10 6RN
2025-03-09 13:59:39 INFO  w.a.a.p.PostcodeImplementation - Response - Postode{postcode1='AB10 1XG', latitude1=57.144165, longitude1=-2.114848, postcode2='AB10 6RN', latitude2=57.13788, longitude2=-2.121487, distance=0.8055046803242125, unit='KM'}
2025-03-09 14:03:42 INFO  w.a.a.ArthurLeongApplication - Starting ArthurLeongApplication using Java 23.0.2 with PID 8720 (C:\Users\Another-PC\Desktop\arthur-leong\target\classes started by Another-PC in C:\Users\Another-PC\Desktop\arthur-leong)
2025-03-09 14:03:42 INFO  w.a.a.ArthurLeongApplication - No active profile set, falling back to 1 default profile: "default"
2025-03-09 14:03:43 INFO  o.s.b.w.e.tomcat.TomcatWebServer - Tomcat initialized with port 8080 (http)
2025-03-09 14:03:43 INFO  o.a.catalina.core.StandardService - Starting service [Tomcat]
2025-03-09 14:03:43 INFO  o.a.catalina.core.StandardEngine - Starting Servlet engine: [Apache Tomcat/10.1.36]
2025-03-09 14:03:43 INFO  o.a.c.c.C.[Tomcat].[localhost].[/] - Initializing Spring embedded WebApplicationContext
2025-03-09 14:03:43 INFO  o.s.b.w.s.c.ServletWebServerApplicationContext - Root WebApplicationContext: initialization completed in 599 ms
2025-03-09 14:03:45 INFO  o.s.b.w.e.tomcat.TomcatWebServer - Tomcat started on port 8080 (http) with context path '/'
2025-03-09 14:03:45 INFO  w.a.a.ArthurLeongApplication - Started ArthurLeongApplication in 3.113 seconds (process running for 3.566)
2025-03-09 14:03:49 INFO  o.a.c.c.C.[Tomcat].[localhost].[/] - Initializing Spring DispatcherServlet 'dispatcherServlet'
2025-03-09 14:03:49 INFO  o.s.web.servlet.DispatcherServlet - Initializing Servlet 'dispatcherServlet'
2025-03-09 14:03:49 INFO  o.s.web.servlet.DispatcherServlet - Completed initialization in 0 ms
2025-03-09 14:03:49 INFO  w.a.a.p.PostcodeImplementation - Request - Postcode1: AB10 1XG, Postcode2: AB10 6RN
2025-03-09 14:03:49 INFO  w.a.a.p.PostcodeImplementation - Response - Postode{postcode1='AB10 1XG', latitude1=57.144165, longitude1=-2.114848, postcode2='AB10 6RN', latitude2=57.13788, longitude2=-2.121487, distance=0.8055046803242125, unit='KM'}
2025-03-09 14:08:37 INFO  o.s.b.w.e.tomcat.GracefulShutdown - Commencing graceful shutdown. Waiting for active requests to complete
2025-03-09 14:08:37 INFO  o.s.b.w.e.tomcat.GracefulShutdown - Graceful shutdown complete
2025-03-09 14:08:39 INFO  w.a.a.ArthurLeongApplication - Starting ArthurLeongApplication using Java 23.0.2 with PID 18660 (C:\Users\Another-PC\Desktop\arthur-leong\target\classes started by Another-PC in C:\Users\Another-PC\Desktop\arthur-leong)
2025-03-09 14:08:39 INFO  w.a.a.ArthurLeongApplication - No active profile set, falling back to 1 default profile: "default"
2025-03-09 14:08:40 INFO  o.s.b.w.e.tomcat.TomcatWebServer - Tomcat initialized with port 8080 (http)
2025-03-09 14:08:40 INFO  o.a.catalina.core.StandardService - Starting service [Tomcat]
2025-03-09 14:08:40 INFO  o.a.catalina.core.StandardEngine - Starting Servlet engine: [Apache Tomcat/10.1.36]
2025-03-09 14:08:40 INFO  o.a.c.c.C.[Tomcat].[localhost].[/] - Initializing Spring embedded WebApplicationContext
2025-03-09 14:08:40 INFO  o.s.b.w.s.c.ServletWebServerApplicationContext - Root WebApplicationContext: initialization completed in 582 ms
2025-03-09 14:08:42 INFO  o.s.b.w.e.tomcat.TomcatWebServer - Tomcat started on port 8080 (http) with context path '/'
2025-03-09 14:08:42 INFO  w.a.a.ArthurLeongApplication - Started ArthurLeongApplication in 3.107 seconds (process running for 3.556)
2025-03-09 14:09:52 INFO  w.a.a.PostcodeTesterController - Starting PostcodeTesterController using Java 23.0.2 with PID 17708 (started by Another-PC in C:\Users\Another-PC\Desktop\arthur-leong)
2025-03-09 14:09:52 INFO  w.a.a.PostcodeTesterController - No active profile set, falling back to 1 default profile: "default"
2025-03-09 14:09:53 INFO  o.s.b.t.m.w.SpringBootMockServletContext - Initializing Spring TestDispatcherServlet ''
2025-03-09 14:09:53 INFO  o.s.t.w.s.TestDispatcherServlet - Initializing Servlet ''
2025-03-09 14:09:53 INFO  o.s.t.w.s.TestDispatcherServlet - Completed initialization in 2 ms
2025-03-09 14:09:53 INFO  w.a.a.PostcodeTesterController - Started PostcodeTesterController in 2.23 seconds (process running for 3.183)
2025-03-09 14:14:32 INFO  w.a.a.p.PostcodeControllerTest - Starting PostcodeControllerTest using Java 23.0.2 with PID 14912 (started by Another-PC in C:\Users\Another-PC\Desktop\arthur-leong)
2025-03-09 14:14:32 INFO  w.a.a.p.PostcodeControllerTest - No active profile set, falling back to 1 default profile: "default"
2025-03-09 14:14:33 INFO  o.s.b.t.m.w.SpringBootMockServletContext - Initializing Spring TestDispatcherServlet ''
2025-03-09 14:14:33 INFO  o.s.t.w.s.TestDispatcherServlet - Initializing Servlet ''
2025-03-09 14:14:33 INFO  o.s.t.w.s.TestDispatcherServlet - Completed initialization in 1 ms
2025-03-09 14:14:33 INFO  w.a.a.p.PostcodeControllerTest - Started PostcodeControllerTest in 2.023 seconds (process running for 2.867)
2025-03-09 14:17:21 INFO  w.a.a.p.PostcodeControllerTest - Starting PostcodeControllerTest using Java 23.0.2 with PID 13192 (started by Another-PC in C:\Users\Another-PC\Desktop\arthur-leong)
2025-03-09 14:17:21 INFO  w.a.a.p.PostcodeControllerTest - No active profile set, falling back to 1 default profile: "default"
2025-03-09 14:17:22 INFO  o.s.b.t.m.w.SpringBootMockServletContext - Initializing Spring TestDispatcherServlet ''
2025-03-09 14:17:22 INFO  o.s.t.w.s.TestDispatcherServlet - Initializing Servlet ''
2025-03-09 14:17:22 INFO  o.s.t.w.s.TestDispatcherServlet - Completed initialization in 1 ms
2025-03-09 14:17:22 INFO  w.a.a.p.PostcodeControllerTest - Started PostcodeControllerTest in 2.139 seconds (process running for 3.025)
2025-03-09 14:17:45 INFO  w.a.a.p.PostcodeControllerTest - Starting PostcodeControllerTest using Java 23.0.2 with PID 18308 (started by Another-PC in C:\Users\Another-PC\Desktop\arthur-leong)
2025-03-09 14:17:45 INFO  w.a.a.p.PostcodeControllerTest - No active profile set, falling back to 1 default profile: "default"
2025-03-09 14:17:46 INFO  o.s.b.t.m.w.SpringBootMockServletContext - Initializing Spring TestDispatcherServlet ''
2025-03-09 14:17:46 INFO  o.s.t.w.s.TestDispatcherServlet - Initializing Servlet ''
2025-03-09 14:17:46 INFO  o.s.t.w.s.TestDispatcherServlet - Completed initialization in 1 ms
2025-03-09 14:17:46 INFO  w.a.a.p.PostcodeControllerTest - Started PostcodeControllerTest in 2.059 seconds (process running for 2.93)
2025-03-09 14:18:02 INFO  w.a.a.p.PostcodeControllerTest - Starting PostcodeControllerTest using Java 23.0.2 with PID 17072 (started by Another-PC in C:\Users\Another-PC\Desktop\arthur-leong)
2025-03-09 14:18:02 INFO  w.a.a.p.PostcodeControllerTest - No active profile set, falling back to 1 default profile: "default"
2025-03-09 14:18:04 INFO  o.s.b.t.m.w.SpringBootMockServletContext - Initializing Spring TestDispatcherServlet ''
2025-03-09 14:18:04 INFO  o.s.t.w.s.TestDispatcherServlet - Initializing Servlet ''
2025-03-09 14:18:04 INFO  o.s.t.w.s.TestDispatcherServlet - Completed initialization in 1 ms
2025-03-09 14:18:04 INFO  w.a.a.p.PostcodeControllerTest - Started PostcodeControllerTest in 2.126 seconds (process running for 2.992)
2025-03-09 14:19:00 INFO  w.a.a.p.PostcodeControllerTest - Starting PostcodeControllerTest using Java 23.0.2 with PID 7072 (started by Another-PC in C:\Users\Another-PC\Desktop\arthur-leong)
2025-03-09 14:19:00 INFO  w.a.a.p.PostcodeControllerTest - No active profile set, falling back to 1 default profile: "default"
2025-03-09 14:19:02 INFO  o.s.b.t.m.w.SpringBootMockServletContext - Initializing Spring TestDispatcherServlet ''
2025-03-09 14:19:02 INFO  o.s.t.w.s.TestDispatcherServlet - Initializing Servlet ''
2025-03-09 14:19:02 INFO  o.s.t.w.s.TestDispatcherServlet - Completed initialization in 1 ms
2025-03-09 14:19:02 INFO  w.a.a.p.PostcodeControllerTest - Started PostcodeControllerTest in 2.053 seconds (process running for 2.942)
2025-03-09 14:19:14 INFO  w.a.a.p.PostcodeControllerTest - Starting PostcodeControllerTest using Java 23.0.2 with PID 2192 (started by Another-PC in C:\Users\Another-PC\Desktop\arthur-leong)
2025-03-09 14:19:14 INFO  w.a.a.p.PostcodeControllerTest - No active profile set, falling back to 1 default profile: "default"
2025-03-09 14:19:15 INFO  o.s.b.t.m.w.SpringBootMockServletContext - Initializing Spring TestDispatcherServlet ''
2025-03-09 14:19:15 INFO  o.s.t.w.s.TestDispatcherServlet - Initializing Servlet ''
2025-03-09 14:19:15 INFO  o.s.t.w.s.TestDispatcherServlet - Completed initialization in 1 ms
2025-03-09 14:19:15 INFO  w.a.a.p.PostcodeControllerTest - Started PostcodeControllerTest in 2.08 seconds (process running for 2.926)
2025-03-09 14:29:01 INFO  o.a.c.c.C.[Tomcat].[localhost].[/] - Initializing Spring DispatcherServlet 'dispatcherServlet'
2025-03-09 14:29:01 INFO  o.s.web.servlet.DispatcherServlet - Initializing Servlet 'dispatcherServlet'
2025-03-09 14:29:01 INFO  o.s.web.servlet.DispatcherServlet - Completed initialization in 0 ms
2025-03-09 14:29:02 INFO  w.a.a.p.PostcodeImplementation - Request - Postcode1: AB10 1XG, Postcode2: AB10 6RN
2025-03-09 14:29:02 INFO  w.a.a.p.PostcodeImplementation - Response - Postode{postcode1='AB10 1XG', latitude1=57.144165, longitude1=-2.114848, postcode2='AB10 6RN', latitude2=57.13788, longitude2=-2.121487, distance=0.8055046803242125, unit='KM'}
2025-03-09 14:34:44 INFO  w.a.a.p.PostcodeControllerTest - Starting PostcodeControllerTest using Java 23.0.2 with PID 6392 (started by Another-PC in C:\Users\Another-PC\Desktop\arthur-leong)
2025-03-09 14:34:44 INFO  w.a.a.p.PostcodeControllerTest - No active profile set, falling back to 1 default profile: "default"
2025-03-09 14:34:46 INFO  o.s.b.t.m.w.SpringBootMockServletContext - Initializing Spring TestDispatcherServlet ''
2025-03-09 14:34:46 INFO  o.s.t.w.s.TestDispatcherServlet - Initializing Servlet ''
2025-03-09 14:34:46 INFO  o.s.t.w.s.TestDispatcherServlet - Completed initialization in 1 ms
2025-03-09 14:34:46 INFO  w.a.a.p.PostcodeControllerTest - Started PostcodeControllerTest in 2.067 seconds (process running for 2.942)
2025-03-09 14:35:00 INFO  w.a.a.p.PostcodeControllerTest - Starting PostcodeControllerTest using Java 23.0.2 with PID 10304 (started by Another-PC in C:\Users\Another-PC\Desktop\arthur-leong)
2025-03-09 14:35:00 INFO  w.a.a.p.PostcodeControllerTest - No active profile set, falling back to 1 default profile: "default"
2025-03-09 14:35:01 INFO  o.s.b.t.m.w.SpringBootMockServletContext - Initializing Spring TestDispatcherServlet ''
2025-03-09 14:35:01 INFO  o.s.t.w.s.TestDispatcherServlet - Initializing Servlet ''
2025-03-09 14:35:01 INFO  o.s.t.w.s.TestDispatcherServlet - Completed initialization in 1 ms
2025-03-09 14:35:01 INFO  w.a.a.p.PostcodeControllerTest - Started PostcodeControllerTest in 2.098 seconds (process running for 2.947)
2025-03-09 14:35:33 WARN  o.s.w.s.m.s.DefaultHandlerExceptionResolver - Resolved [org.springframework.web.bind.MissingServletRequestParameterException: Required request parameter 'postalCode1' for method parameter type String is not present]
2025-03-09 14:35:45 INFO  w.a.a.p.PostcodeControllerTest - Starting PostcodeControllerTest using Java 23.0.2 with PID 19244 (started by Another-PC in C:\Users\Another-PC\Desktop\arthur-leong)
2025-03-09 14:35:45 INFO  w.a.a.p.PostcodeControllerTest - No active profile set, falling back to 1 default profile: "default"
2025-03-09 14:35:46 INFO  o.s.b.t.m.w.SpringBootMockServletContext - Initializing Spring TestDispatcherServlet ''
2025-03-09 14:35:46 INFO  o.s.t.w.s.TestDispatcherServlet - Initializing Servlet ''
2025-03-09 14:35:46 INFO  o.s.t.w.s.TestDispatcherServlet - Completed initialization in 1 ms
2025-03-09 14:35:46 INFO  w.a.a.p.PostcodeControllerTest - Started PostcodeControllerTest in 2.052 seconds (process running for 2.987)
2025-03-09 14:35:58 INFO  w.a.a.p.PostcodeControllerTest - Starting PostcodeControllerTest using Java 23.0.2 with PID 12024 (started by Another-PC in C:\Users\Another-PC\Desktop\arthur-leong)
2025-03-09 14:35:58 INFO  w.a.a.p.PostcodeControllerTest - No active profile set, falling back to 1 default profile: "default"
2025-03-09 14:36:00 INFO  o.s.b.t.m.w.SpringBootMockServletContext - Initializing Spring TestDispatcherServlet ''
2025-03-09 14:36:00 INFO  o.s.t.w.s.TestDispatcherServlet - Initializing Servlet ''
2025-03-09 14:36:00 INFO  o.s.t.w.s.TestDispatcherServlet - Completed initialization in 0 ms
2025-03-09 14:36:00 INFO  w.a.a.p.PostcodeControllerTest - Started PostcodeControllerTest in 2.025 seconds (process running for 2.863)
2025-03-09 14:36:07 INFO  o.s.b.w.e.tomcat.GracefulShutdown - Commencing graceful shutdown. Waiting for active requests to complete
2025-03-09 14:36:07 INFO  o.s.b.w.e.tomcat.GracefulShutdown - Graceful shutdown complete
2025-03-09 14:36:09 INFO  w.a.a.ArthurLeongApplication - Starting ArthurLeongApplication using Java 23.0.2 with PID 5284 (C:\Users\Another-PC\Desktop\arthur-leong\target\classes started by Another-PC in C:\Users\Another-PC\Desktop\arthur-leong)
2025-03-09 14:36:09 INFO  w.a.a.ArthurLeongApplication - No active profile set, falling back to 1 default profile: "default"
2025-03-09 14:36:10 INFO  o.s.b.w.e.tomcat.TomcatWebServer - Tomcat initialized with port 8080 (http)
2025-03-09 14:36:10 INFO  o.a.catalina.core.StandardService - Starting service [Tomcat]
2025-03-09 14:36:10 INFO  o.a.catalina.core.StandardEngine - Starting Servlet engine: [Apache Tomcat/10.1.36]
2025-03-09 14:36:10 INFO  o.a.c.c.C.[Tomcat].[localhost].[/] - Initializing Spring embedded WebApplicationContext
2025-03-09 14:36:10 INFO  o.s.b.w.s.c.ServletWebServerApplicationContext - Root WebApplicationContext: initialization completed in 588 ms
2025-03-09 14:36:12 INFO  o.s.b.w.e.tomcat.TomcatWebServer - Tomcat started on port 8080 (http) with context path '/'
2025-03-09 14:36:12 INFO  w.a.a.ArthurLeongApplication - Started ArthurLeongApplication in 3.117 seconds (process running for 3.562)
2025-03-09 14:36:14 INFO  o.a.c.c.C.[Tomcat].[localhost].[/] - Initializing Spring DispatcherServlet 'dispatcherServlet'
2025-03-09 14:36:14 INFO  o.s.web.servlet.DispatcherServlet - Initializing Servlet 'dispatcherServlet'
2025-03-09 14:36:14 INFO  o.s.web.servlet.DispatcherServlet - Completed initialization in 0 ms
2025-03-09 14:36:14 INFO  w.a.a.p.PostcodeImplementation - Request - Postcode1: AB10 1XG, Postcode2: AB10 6RN
2025-03-09 14:36:14 INFO  w.a.a.p.PostcodeImplementation - Response - Postode{postcode1='AB10 1XG', latitude1=57.144165, longitude1=-2.114848, postcode2='AB10 6RN', latitude2=57.13788, longitude2=-2.121487, distance=0.8055046803242125, unit='KM'}
2025-03-09 14:39:07 INFO  w.a.a.p.PostcodeImplementation - Request - Postcode1: AB10 1XG, Postcode2: AB21 9EN
2025-03-09 14:39:07 INFO  w.a.a.p.PostcodeImplementation - Response - Postode{postcode1='AB10 1XG', latitude1=57.144165, longitude1=-2.114848, postcode2='AB21 9EN', latitude2=57.184346, longitude2=-2.182848, distance=6.063991202736543, unit='KM'}
2025-03-09 14:40:44 INFO  o.s.b.w.e.tomcat.GracefulShutdown - Commencing graceful shutdown. Waiting for active requests to complete
2025-03-09 14:40:44 INFO  o.s.b.w.e.tomcat.GracefulShutdown - Graceful shutdown complete
2025-03-09 14:40:46 INFO  w.a.a.ArthurLeongApplication - Starting ArthurLeongApplication using Java 23.0.2 with PID 14748 (C:\Users\Another-PC\Desktop\arthur-leong\target\classes started by Another-PC in C:\Users\Another-PC\Desktop\arthur-leong)
2025-03-09 14:40:46 INFO  w.a.a.ArthurLeongApplication - No active profile set, falling back to 1 default profile: "default"
2025-03-09 14:40:47 INFO  o.s.b.w.e.tomcat.TomcatWebServer - Tomcat initialized with port 8080 (http)
2025-03-09 14:40:47 INFO  o.a.catalina.core.StandardService - Starting service [Tomcat]
2025-03-09 14:40:47 INFO  o.a.catalina.core.StandardEngine - Starting Servlet engine: [Apache Tomcat/10.1.36]
2025-03-09 14:40:47 INFO  o.a.c.c.C.[Tomcat].[localhost].[/] - Initializing Spring embedded WebApplicationContext
2025-03-09 14:40:47 INFO  o.s.b.w.s.c.ServletWebServerApplicationContext - Root WebApplicationContext: initialization completed in 576 ms
2025-03-09 14:40:49 INFO  o.s.b.w.e.tomcat.TomcatWebServer - Tomcat started on port 8080 (http) with context path '/'
2025-03-09 14:40:49 INFO  w.a.a.ArthurLeongApplication - Started ArthurLeongApplication in 3.121 seconds (process running for 3.582)
2025-03-09 14:41:01 INFO  o.a.c.c.C.[Tomcat].[localhost].[/] - Initializing Spring DispatcherServlet 'dispatcherServlet'
2025-03-09 14:41:01 INFO  o.s.web.servlet.DispatcherServlet - Initializing Servlet 'dispatcherServlet'
2025-03-09 14:41:01 INFO  o.s.web.servlet.DispatcherServlet - Completed initialization in 0 ms
2025-03-09 14:41:01 INFO  w.a.a.p.PostcodeImplementation - Request - Postcode1: AB10 1XG, Postcode2: AB21 9EN
2025-03-09 14:41:01 INFO  w.a.a.p.PostcodeImplementation - Response - Postode{postcode1='AB10 1XG', latitude1=57.144165, longitude1=-2.114848, postcode2='AB21 9EN', latitude2=57.184346, longitude2=-2.182848, distance=6.063991202736543, unit='KM'}
2025-03-09 14:41:09 INFO  w.a.a.p.PostcodeControllerTest - Starting PostcodeControllerTest using Java 23.0.2 with PID 17260 (started by Another-PC in C:\Users\Another-PC\Desktop\arthur-leong)
2025-03-09 14:41:09 INFO  w.a.a.p.PostcodeControllerTest - No active profile set, falling back to 1 default profile: "default"
2025-03-09 14:41:11 INFO  o.s.b.t.m.w.SpringBootMockServletContext - Initializing Spring TestDispatcherServlet ''
2025-03-09 14:41:11 INFO  o.s.t.w.s.TestDispatcherServlet - Initializing Servlet ''
2025-03-09 14:41:11 INFO  o.s.t.w.s.TestDispatcherServlet - Completed initialization in 2 ms
2025-03-09 14:41:11 INFO  w.a.a.p.PostcodeControllerTest - Started PostcodeControllerTest in 2.086 seconds (process running for 2.982)
2025-03-09 14:42:22 INFO  w.a.a.p.PostcodeControllerTest - Starting PostcodeControllerTest using Java 23.0.2 with PID 19108 (started by Another-PC in C:\Users\Another-PC\Desktop\arthur-leong)
2025-03-09 14:42:22 INFO  w.a.a.p.PostcodeControllerTest - No active profile set, falling back to 1 default profile: "default"
2025-03-09 14:42:24 INFO  o.s.b.t.m.w.SpringBootMockServletContext - Initializing Spring TestDispatcherServlet ''
2025-03-09 14:42:24 INFO  o.s.t.w.s.TestDispatcherServlet - Initializing Servlet ''
2025-03-09 14:42:24 INFO  o.s.t.w.s.TestDispatcherServlet - Completed initialization in 1 ms
2025-03-09 14:42:24 INFO  w.a.a.p.PostcodeControllerTest - Started PostcodeControllerTest in 2.08 seconds (process running for 3.062)
2025-03-09 14:42:48 INFO  w.a.a.p.PostcodeControllerTest - Starting PostcodeControllerTest using Java 23.0.2 with PID 2672 (started by Another-PC in C:\Users\Another-PC\Desktop\arthur-leong)
2025-03-09 14:42:48 INFO  w.a.a.p.PostcodeControllerTest - No active profile set, falling back to 1 default profile: "default"
2025-03-09 14:42:50 INFO  o.s.b.t.m.w.SpringBootMockServletContext - Initializing Spring TestDispatcherServlet ''
2025-03-09 14:42:50 INFO  o.s.t.w.s.TestDispatcherServlet - Initializing Servlet ''
2025-03-09 14:42:50 INFO  o.s.t.w.s.TestDispatcherServlet - Completed initialization in 1 ms
2025-03-09 14:42:50 INFO  w.a.a.p.PostcodeControllerTest - Started PostcodeControllerTest in 2.035 seconds (process running for 2.985)
2025-03-09 14:43:52 INFO  w.a.a.p.PostcodeControllerTest - Starting PostcodeControllerTest using Java 23.0.2 with PID 18196 (started by Another-PC in C:\Users\Another-PC\Desktop\arthur-leong)
2025-03-09 14:43:52 INFO  w.a.a.p.PostcodeControllerTest - No active profile set, falling back to 1 default profile: "default"
2025-03-09 14:43:53 INFO  o.s.b.t.m.w.SpringBootMockServletContext - Initializing Spring TestDispatcherServlet ''
2025-03-09 14:43:53 INFO  o.s.t.w.s.TestDispatcherServlet - Initializing Servlet ''
2025-03-09 14:43:53 INFO  o.s.t.w.s.TestDispatcherServlet - Completed initialization in 2 ms
2025-03-09 14:43:53 INFO  w.a.a.p.PostcodeControllerTest - Started PostcodeControllerTest in 2.13 seconds (process running for 3.081)
2025-03-09 14:44:34 INFO  w.a.a.p.PostcodeControllerTest - Starting PostcodeControllerTest using Java 23.0.2 with PID 9268 (started by Another-PC in C:\Users\Another-PC\Desktop\arthur-leong)
2025-03-09 14:44:34 INFO  w.a.a.p.PostcodeControllerTest - No active profile set, falling back to 1 default profile: "default"
2025-03-09 14:44:36 INFO  o.s.b.t.m.w.SpringBootMockServletContext - Initializing Spring TestDispatcherServlet ''
2025-03-09 14:44:36 INFO  o.s.t.w.s.TestDispatcherServlet - Initializing Servlet ''
2025-03-09 14:44:36 INFO  o.s.t.w.s.TestDispatcherServlet - Completed initialization in 1 ms
2025-03-09 14:44:36 INFO  w.a.a.p.PostcodeControllerTest - Started PostcodeControllerTest in 2.052 seconds (process running for 2.909)
2025-03-09 14:44:56 INFO  w.a.a.p.PostcodeControllerTest - Starting PostcodeControllerTest using Java 23.0.2 with PID 8716 (started by Another-PC in C:\Users\Another-PC\Desktop\arthur-leong)
2025-03-09 14:44:56 INFO  w.a.a.p.PostcodeControllerTest - No active profile set, falling back to 1 default profile: "default"
2025-03-09 14:44:58 INFO  o.s.b.t.m.w.SpringBootMockServletContext - Initializing Spring TestDispatcherServlet ''
2025-03-09 14:44:58 INFO  o.s.t.w.s.TestDispatcherServlet - Initializing Servlet ''
2025-03-09 14:44:58 INFO  o.s.t.w.s.TestDispatcherServlet - Completed initialization in 1 ms
2025-03-09 14:44:58 INFO  w.a.a.p.PostcodeControllerTest - Started PostcodeControllerTest in 2.014 seconds (process running for 2.909)
2025-03-09 14:45:04 INFO  w.a.a.p.PostcodeControllerTest - Starting PostcodeControllerTest using Java 23.0.2 with PID 15184 (started by Another-PC in C:\Users\Another-PC\Desktop\arthur-leong)
2025-03-09 14:45:04 INFO  w.a.a.p.PostcodeControllerTest - No active profile set, falling back to 1 default profile: "default"
2025-03-09 14:45:06 INFO  o.s.b.t.m.w.SpringBootMockServletContext - Initializing Spring TestDispatcherServlet ''
2025-03-09 14:45:06 INFO  o.s.t.w.s.TestDispatcherServlet - Initializing Servlet ''
2025-03-09 14:45:06 INFO  o.s.t.w.s.TestDispatcherServlet - Completed initialization in 1 ms
2025-03-09 14:45:06 INFO  w.a.a.p.PostcodeControllerTest - Started PostcodeControllerTest in 2.106 seconds (process running for 3.018)
2025-03-09 20:25:43 INFO  o.s.b.w.e.tomcat.GracefulShutdown - Commencing graceful shutdown. Waiting for active requests to complete
2025-03-09 20:25:43 INFO  o.s.b.w.e.tomcat.GracefulShutdown - Graceful shutdown complete
